<?xml version="1.0" encoding="utf-8"?><testsuites name="pytest tests"><testsuite name="pytest" errors="0" failures="0" skipped="0" tests="300" time="12.360" timestamp="2026-07-24T17:28:10.972453+05:30" hostname="SHARMILA"><testcase classname="tests.api.test_api_300.TestOTPHealth" name="test_001" time="0.261" /><testcase classname="tests.api.test_api_300.TestOTPHealth" name="test_002" time="0.029" /><testcase classname="tests.api.test_api_300.TestOTPHealth" name="test_003" time="0.028" /><testcase classname="tests.api.test_api_300.TestOTPHealth" name="test_004" time="0.029" /><testcase classname="tests.api.test_api_300.TestOTPHealth" name="test_005" time="0.027" /><testcase classname="tests.api.test_api_300.TestOTPHealth" name="test_006" time="0.028" /><testcase classname="tests.api.test_api_300.TestOTPHealth" name="test_007" time="0.023" /><testcase classname="tests.api.test_api_300.TestOTPHealth" name="test_008" time="0.029" /><testcase classname="tests.api.test_api_300.TestOTPHealth" name="test_009" time="0.026" /><testcase classname="tests.api.test_api_300.TestOTPHealth" name="test_010" time="0.027" /><testcase classname="tests.api.test_api_300.TestRequestOTP" name="test_011" time="1.220" /><testcase classname="tests.api.test_api_300.TestRequestOTP" name="test_012" time="0.029" /><testcase classname="tests.api.test_api_300.TestRequestOTP" name="test_013" time="0.029" /><testcase classname="tests.api.test_api_300.TestRequestOTP" name="test_014" time="0.028" /><testcase classname="tests.api.test_api_300.TestRequestOTP" name="test_015" time="0.030" /><testcase classname="tests.api.test_api_300.TestRequestOTP" name="test_016" time="0.028" /><testcase classname="tests.api.test_api_300.TestRequestOTP" name="test_017" time="0.036" /><testcase classname="tests.api.test_api_300.TestRequestOTP" name="test_018" time="0.029" /><testcase classname="tests.api.test_api_300.TestRequestOTP" name="test_019" time="0.028" /><testcase classname="tests.api.test_api_300.TestRequestOTP" name="test_020" time="0.030" /><testcase classname="tests.api.test_api_300.TestRequestOTP" name="test_021" time="0.021" /><testcase classname="tests.api.test_api_300.TestRequestOTP" name="test_022" time="0.030" /><testcase classname="tests.api.test_api_300.TestRequestOTP" name="test_023" time="0.028" /><testcase classname="tests.api.test_api_300.TestRequestOTP" name="test_024" time="0.028" /><testcase classname="tests.api.test_api_300.TestRequestOTP" name="test_025" time="0.030" /><testcase classname="tests.api.test_api_300.TestRequestOTP" name="test_026" time="0.029" /><testcase classname="tests.api.test_api_300.TestRequestOTP" name="test_027" time="0.029" /><testcase classname="tests.api.test_api_300.TestRequestOTP" name="test_028" time="0.030" /><testcase classname="tests.api.test_api_300.TestRequestOTP" name="test_029" time="0.028" /><testcase classname="tests.api.test_api_300.TestRequestOTP" name="test_030" time="0.029" /><testcase classname="tests.api.test_api_300.TestRequestOTP" name="test_031" time="0.029" /><testcase classname="tests.api.test_api_300.TestRequestOTP" name="test_032" time="0.027" /><testcase classname="tests.api.test_api_300.TestRequestOTP" name="test_033" time="0.027" /><testcase classname="tests.api.test_api_300.TestRequestOTP" name="test_034" time="0.029" /><testcase classname="tests.api.test_api_300.TestRequestOTP" name="test_035" time="0.031" /><testcase classname="tests.api.test_api_300.TestRequestOTP" name="test_036" time="0.029" /><testcase classname="tests.api.test_api_300.TestRequestOTP" name="test_037" time="0.029" /><testcase classname="tests.api.test_api_300.TestRequestOTP" name="test_038" time="0.030" /><testcase classname="tests.api.test_api_300.TestRequestOTP" name="test_039" time="0.029" /><testcase classname="tests.api.test_api_300.TestRequestOTP" name="test_040" time="0.027" /><testcase classname="tests.api.test_api_300.TestRequestOTP" name="test_041" time="0.027" /><testcase classname="tests.api.test_api_300.TestRequestOTP" name="test_042" time="0.030" /><testcase classname="tests.api.test_api_300.TestRequestOTP" name="test_043" time="0.029" /><testcase classname="tests.api.test_api_300.TestRequestOTP" name="test_044" time="0.029" /><testcase classname="tests.api.test_api_300.TestRequestOTP" name="test_045" time="0.029" /><testcase classname="tests.api.test_api_300.TestRequestOTP" name="test_046" time="0.028" /><testcase classname="tests.api.test_api_300.TestRequestOTP" name="test_047" time="0.027" /><testcase classname="tests.api.test_api_300.TestRequestOTP" name="test_048" time="0.028" /><testcase classname="tests.api.test_api_300.TestRequestOTP" name="test_049" time="0.029" /><testcase classname="tests.api.test_api_300.TestRequestOTP" name="test_050" time="0.028" /><testcase classname="tests.api.test_api_300.TestVerifyOTP" name="test_051" time="0.030" /><testcase classname="tests.api.test_api_300.TestVerifyOTP" name="test_052" time="0.030" /><testcase classname="tests.api.test_api_300.TestVerifyOTP" name="test_053" time="0.028" /><testcase classname="tests.api.test_api_300.TestVerifyOTP" name="test_054" time="0.026" /><testcase classname="tests.api.test_api_300.TestVerifyOTP" name="test_055" time="0.029" /><testcase classname="tests.api.test_api_300.TestVerifyOTP" name="test_056" time="0.028" /><testcase classname="tests.api.test_api_300.TestVerifyOTP" name="test_057" time="0.029" /><testcase classname="tests.api.test_api_300.TestVerifyOTP" name="test_058" time="0.029" /><testcase classname="tests.api.test_api_300.TestVerifyOTP" name="test_059" time="0.028" /><testcase classname="tests.api.test_api_300.TestVerifyOTP" name="test_060" time="0.028" /><testcase classname="tests.api.test_api_300.TestVerifyOTP" name="test_061" time="0.028" /><testcase classname="tests.api.test_api_300.TestVerifyOTP" name="test_062" time="0.030" /><testcase classname="tests.api.test_api_300.TestVerifyOTP" name="test_063" time="0.031" /><testcase classname="tests.api.test_api_300.TestVerifyOTP" name="test_064" time="0.038" /><testcase classname="tests.api.test_api_300.TestVerifyOTP" name="test_065" time="0.027" /><testcase classname="tests.api.test_api_300.TestVerifyOTP" name="test_066" time="0.029" /><testcase classname="tests.api.test_api_300.TestVerifyOTP" name="test_067" time="0.029" /><testcase classname="tests.api.test_api_300.TestVerifyOTP" name="test_068" time="0.023" /><testcase classname="tests.api.test_api_300.TestVerifyOTP" name="test_069" time="0.030" /><testcase classname="tests.api.test_api_300.TestVerifyOTP" name="test_070" time="0.028" /><testcase classname="tests.api.test_api_300.TestVerifyOTP" name="test_071" time="0.028" /><testcase classname="tests.api.test_api_300.TestVerifyOTP" name="test_072" time="0.030" /><testcase classname="tests.api.test_api_300.TestVerifyOTP" name="test_073" time="0.030" /><testcase classname="tests.api.test_api_300.TestVerifyOTP" name="test_074" time="0.038" /><testcase classname="tests.api.test_api_300.TestVerifyOTP" name="test_075" time="0.028" /><testcase classname="tests.api.test_api_300.TestVerifyOTP" name="test_076" time="0.027" /><testcase classname="tests.api.test_api_300.TestVerifyOTP" name="test_077" time="0.029" /><testcase classname="tests.api.test_api_300.TestVerifyOTP" name="test_078" time="0.029" /><testcase classname="tests.api.test_api_300.TestVerifyOTP" name="test_079" time="0.029" /><testcase classname="tests.api.test_api_300.TestVerifyOTP" name="test_080" time="0.030" /><testcase classname="tests.api.test_api_300.TestVerifyOTP" name="test_081" time="0.029" /><testcase classname="tests.api.test_api_300.TestVerifyOTP" name="test_082" time="0.029" /><testcase classname="tests.api.test_api_300.TestVerifyOTP" name="test_083" time="0.027" /><testcase classname="tests.api.test_api_300.TestVerifyOTP" name="test_084" time="0.029" /><testcase classname="tests.api.test_api_300.TestVerifyOTP" name="test_085" time="0.028" /><testcase classname="tests.api.test_api_300.TestVerifyOTP" name="test_086" time="0.027" /><testcase classname="tests.api.test_api_300.TestVerifyOTP" name="test_087" time="0.030" /><testcase classname="tests.api.test_api_300.TestVerifyOTP" name="test_088" time="0.029" /><testcase classname="tests.api.test_api_300.TestVerifyOTP" name="test_089" time="0.028" /><testcase classname="tests.api.test_api_300.TestVerifyOTP" name="test_090" time="0.029" /><testcase classname="tests.api.test_api_300.TestResetPassword" name="test_091" time="0.028" /><testcase classname="tests.api.test_api_300.TestResetPassword" name="test_092" time="0.028" /><testcase classname="tests.api.test_api_300.TestResetPassword" name="test_093" time="0.029" /><testcase classname="tests.api.test_api_300.TestResetPassword" name="test_094" time="0.028" /><testcase classname="tests.api.test_api_300.TestResetPassword" name="test_095" time="0.029" /><testcase classname="tests.api.test_api_300.TestResetPassword" name="test_096" time="0.028" /><testcase classname="tests.api.test_api_300.TestResetPassword" name="test_097" time="0.027" /><testcase classname="tests.api.test_api_300.TestResetPassword" name="test_098" time="0.029" /><testcase classname="tests.api.test_api_300.TestResetPassword" name="test_099" time="0.029" /><testcase classname="tests.api.test_api_300.TestResetPassword" name="test_100" time="0.029" /><testcase classname="tests.api.test_api_300.TestResetPassword" name="test_101" time="0.030" /><testcase classname="tests.api.test_api_300.TestResetPassword" name="test_102" time="0.029" /><testcase classname="tests.api.test_api_300.TestResetPassword" name="test_103" time="0.029" /><testcase classname="tests.api.test_api_300.TestResetPassword" name="test_104" time="0.027" /><testcase classname="tests.api.test_api_300.TestResetPassword" name="test_105" time="0.029" /><testcase classname="tests.api.test_api_300.TestResetPassword" name="test_106" time="0.029" /><testcase classname="tests.api.test_api_300.TestResetPassword" name="test_107" time="0.028" /><testcase classname="tests.api.test_api_300.TestResetPassword" name="test_108" time="0.029" /><testcase classname="tests.api.test_api_300.TestResetPassword" name="test_109" time="0.028" /><testcase classname="tests.api.test_api_300.TestResetPassword" name="test_110" time="0.027" /><testcase classname="tests.api.test_api_300.TestResetPassword" name="test_111" time="0.028" /><testcase classname="tests.api.test_api_300.TestResetPassword" name="test_112" time="0.028" /><testcase classname="tests.api.test_api_300.TestResetPassword" name="test_113" time="0.028" /><testcase classname="tests.api.test_api_300.TestResetPassword" name="test_114" time="0.031" /><testcase classname="tests.api.test_api_300.TestResetPassword" name="test_115" time="0.026" /><testcase classname="tests.api.test_api_300.TestResetPassword" name="test_116" time="0.029" /><testcase classname="tests.api.test_api_300.TestResetPassword" name="test_117" time="0.027" /><testcase classname="tests.api.test_api_300.TestResetPassword" name="test_118" time="0.030" /><testcase classname="tests.api.test_api_300.TestResetPassword" name="test_119" time="0.029" /><testcase classname="tests.api.test_api_300.TestResetPassword" name="test_120" time="0.029" /><testcase classname="tests.api.test_api_300.TestResetPassword" name="test_121" time="0.030" /><testcase classname="tests.api.test_api_300.TestResetPassword" name="test_122" time="0.029" /><testcase classname="tests.api.test_api_300.TestResetPassword" name="test_123" time="0.030" /><testcase classname="tests.api.test_api_300.TestResetPassword" name="test_124" time="0.029" /><testcase classname="tests.api.test_api_300.TestResetPassword" name="test_125" time="0.028" /><testcase classname="tests.api.test_api_300.TestResetPassword" name="test_126" time="0.027" /><testcase classname="tests.api.test_api_300.TestResetPassword" name="test_127" time="0.030" /><testcase classname="tests.api.test_api_300.TestResetPassword" name="test_128" time="0.029" /><testcase classname="tests.api.test_api_300.TestResetPassword" name="test_129" time="0.029" /><testcase classname="tests.api.test_api_300.TestResetPassword" name="test_130" time="0.030" /><testcase classname="tests.api.test_api_300.TestMLHealth" name="test_131" time="0.139" /><testcase classname="tests.api.test_api_300.TestMLHealth" name="test_132" time="0.029" /><testcase classname="tests.api.test_api_300.TestMLHealth" name="test_133" time="0.029" /><testcase classname="tests.api.test_api_300.TestMLHealth" name="test_134" time="0.030" /><testcase classname="tests.api.test_api_300.TestMLHealth" name="test_135" time="0.027" /><testcase classname="tests.api.test_api_300.TestMLHealth" name="test_136" time="0.030" /><testcase classname="tests.api.test_api_300.TestMLHealth" name="test_137" time="0.028" /><testcase classname="tests.api.test_api_300.TestMLHealth" name="test_138" time="0.029" /><testcase classname="tests.api.test_api_300.TestMLHealth" name="test_139" time="0.029" /><testcase classname="tests.api.test_api_300.TestMLHealth" name="test_140" time="0.037" /><testcase classname="tests.api.test_api_300.TestMLPredict" name="test_141" time="0.029" /><testcase classname="tests.api.test_api_300.TestMLPredict" name="test_142" time="0.029" /><testcase classname="tests.api.test_api_300.TestMLPredict" name="test_143" time="0.043" /><testcase classname="tests.api.test_api_300.TestMLPredict" name="test_144" time="0.039" /><testcase classname="tests.api.test_api_300.TestMLPredict" name="test_145" time="0.028" /><testcase classname="tests.api.test_api_300.TestMLPredict" name="test_146" time="0.030" /><testcase classname="tests.api.test_api_300.TestMLPredict" name="test_147" time="0.027" /><testcase classname="tests.api.test_api_300.TestMLPredict" name="test_148" time="0.029" /><testcase classname="tests.api.test_api_300.TestMLPredict" name="test_149" time="0.038" /><testcase classname="tests.api.test_api_300.TestMLPredict" name="test_150" time="0.027" /><testcase classname="tests.api.test_api_300.TestMLPredict" name="test_151" time="0.029" /><testcase classname="tests.api.test_api_300.TestMLPredict" name="test_152" time="0.029" /><testcase classname="tests.api.test_api_300.TestMLPredict" name="test_153" time="0.029" /><testcase classname="tests.api.test_api_300.TestMLPredict" name="test_154" time="0.030" /><testcase classname="tests.api.test_api_300.TestMLPredict" name="test_155" time="0.028" /><testcase classname="tests.api.test_api_300.TestMLPredict" name="test_156" time="0.029" /><testcase classname="tests.api.test_api_300.TestMLPredict" name="test_157" time="0.027" /><testcase classname="tests.api.test_api_300.TestMLPredict" name="test_158" time="0.028" /><testcase classname="tests.api.test_api_300.TestMLPredict" name="test_159" time="0.028" /><testcase classname="tests.api.test_api_300.TestMLPredict" name="test_160" time="0.030" /><testcase classname="tests.api.test_api_300.TestMLPredict" name="test_161" time="0.028" /><testcase classname="tests.api.test_api_300.TestMLPredict" name="test_162" time="0.030" /><testcase classname="tests.api.test_api_300.TestMLPredict" name="test_163" time="0.029" /><testcase classname="tests.api.test_api_300.TestMLPredict" name="test_164" time="0.030" /><testcase classname="tests.api.test_api_300.TestMLPredict" name="test_165" time="0.026" /><testcase classname="tests.api.test_api_300.TestMLPredict" name="test_166" time="0.028" /><testcase classname="tests.api.test_api_300.TestMLPredict" name="test_167" time="0.029" /><testcase classname="tests.api.test_api_300.TestMLPredict" name="test_168" time="0.029" /><testcase classname="tests.api.test_api_300.TestMLPredict" name="test_169" time="0.029" /><testcase classname="tests.api.test_api_300.TestMLPredict" name="test_170" time="0.028" /><testcase classname="tests.api.test_api_300.TestMLPredict" name="test_171" time="0.028" /><testcase classname="tests.api.test_api_300.TestMLPredict" name="test_172" time="0.027" /><testcase classname="tests.api.test_api_300.TestMLPredict" name="test_173" time="0.015" /><testcase classname="tests.api.test_api_300.TestMLPredict" name="test_174" time="0.028" /><testcase classname="tests.api.test_api_300.TestMLPredict" name="test_175" time="0.029" /><testcase classname="tests.api.test_api_300.TestMLPredict" name="test_176" time="0.030" /><testcase classname="tests.api.test_api_300.TestMLPredict" name="test_177" time="0.029" /><testcase classname="tests.api.test_api_300.TestMLPredict" name="test_178" time="0.027" /><testcase classname="tests.api.test_api_300.TestMLPredict" name="test_179" time="0.028" /><testcase classname="tests.api.test_api_300.TestMLPredict" name="test_180" time="0.028" /><testcase classname="tests.api.test_api_300.TestSupabaseREST" name="test_181" time="0.133" /><testcase classname="tests.api.test_api_300.TestSupabaseREST" name="test_182" time="0.029" /><testcase classname="tests.api.test_api_300.TestSupabaseREST" name="test_183" time="0.029" /><testcase classname="tests.api.test_api_300.TestSupabaseREST" name="test_184" time="0.030" /><testcase classname="tests.api.test_api_300.TestSupabaseREST" name="test_185" time="0.024" /><testcase classname="tests.api.test_api_300.TestSupabaseREST" name="test_186" time="0.029" /><testcase classname="tests.api.test_api_300.TestSupabaseREST" name="test_187" time="0.028" /><testcase classname="tests.api.test_api_300.TestSupabaseREST" name="test_188" time="0.028" /><testcase classname="tests.api.test_api_300.TestSupabaseREST" name="test_189" time="0.028" /><testcase classname="tests.api.test_api_300.TestSupabaseREST" name="test_190" time="0.036" /><testcase classname="tests.api.test_api_300.TestSupabaseREST" name="test_191" time="0.033" /><testcase classname="tests.api.test_api_300.TestSupabaseREST" name="test_192" time="0.029" /><testcase classname="tests.api.test_api_300.TestSupabaseREST" name="test_193" time="0.022" /><testcase classname="tests.api.test_api_300.TestSupabaseREST" name="test_194" time="0.036" /><testcase classname="tests.api.test_api_300.TestSupabaseREST" name="test_195" time="0.028" /><testcase classname="tests.api.test_api_300.TestSupabaseREST" name="test_196" time="0.028" /><testcase classname="tests.api.test_api_300.TestSupabaseREST" name="test_197" time="0.026" /><testcase classname="tests.api.test_api_300.TestSupabaseREST" name="test_198" time="0.028" /><testcase classname="tests.api.test_api_300.TestSupabaseREST" name="test_199" time="0.028" /><testcase classname="tests.api.test_api_300.TestSupabaseREST" name="test_200" time="0.028" /><testcase classname="tests.api.test_api_300.TestSupabaseREST" name="test_201" time="0.027" /><testcase classname="tests.api.test_api_300.TestSupabaseREST" name="test_202" time="0.028" /><testcase classname="tests.api.test_api_300.TestSupabaseREST" name="test_203" time="0.026" /><testcase classname="tests.api.test_api_300.TestSupabaseREST" name="test_204" time="0.027" /><testcase classname="tests.api.test_api_300.TestSupabaseREST" name="test_205" time="0.027" /><testcase classname="tests.api.test_api_300.TestSupabaseREST" name="test_206" time="0.028" /><testcase classname="tests.api.test_api_300.TestSupabaseREST" name="test_207" time="0.028" /><testcase classname="tests.api.test_api_300.TestSupabaseREST" name="test_208" time="0.028" /><testcase classname="tests.api.test_api_300.TestSupabaseREST" name="test_209" time="0.027" /><testcase classname="tests.api.test_api_300.TestSupabaseREST" name="test_210" time="0.030" /><testcase classname="tests.api.test_api_300.TestSupabaseREST" name="test_211" time="0.039" /><testcase classname="tests.api.test_api_300.TestSupabaseREST" name="test_212" time="0.030" /><testcase classname="tests.api.test_api_300.TestSupabaseREST" name="test_213" time="0.028" /><testcase classname="tests.api.test_api_300.TestSupabaseREST" name="test_214" time="0.030" /><testcase classname="tests.api.test_api_300.TestSupabaseREST" name="test_215" time="0.028" /><testcase classname="tests.api.test_api_300.TestSupabaseREST" name="test_216" time="0.039" /><testcase classname="tests.api.test_api_300.TestSupabaseREST" name="test_217" time="0.028" /><testcase classname="tests.api.test_api_300.TestSupabaseREST" name="test_218" time="0.028" /><testcase classname="tests.api.test_api_300.TestSupabaseREST" name="test_219" time="0.030" /><testcase classname="tests.api.test_api_300.TestSupabaseREST" name="test_220" time="0.029" /><testcase classname="tests.api.test_api_300.TestSupabaseREST" name="test_221" time="0.030" /><testcase classname="tests.api.test_api_300.TestSupabaseREST" name="test_222" time="0.039" /><testcase classname="tests.api.test_api_300.TestSupabaseREST" name="test_223" time="0.028" /><testcase classname="tests.api.test_api_300.TestSupabaseREST" name="test_224" time="0.029" /><testcase classname="tests.api.test_api_300.TestSupabaseREST" name="test_225" time="0.028" /><testcase classname="tests.api.test_api_300.TestSupabaseREST" name="test_226" time="0.028" /><testcase classname="tests.api.test_api_300.TestSupabaseREST" name="test_227" time="0.029" /><testcase classname="tests.api.test_api_300.TestSupabaseREST" name="test_228" time="0.029" /><testcase classname="tests.api.test_api_300.TestSupabaseREST" name="test_229" time="0.030" /><testcase classname="tests.api.test_api_300.TestSupabaseREST" name="test_230" time="0.029" /><testcase classname="tests.api.test_api_300.TestSupabaseREST" name="test_231" time="0.029" /><testcase classname="tests.api.test_api_300.TestSupabaseREST" name="test_232" time="0.029" /><testcase classname="tests.api.test_api_300.TestSupabaseREST" name="test_233" time="0.028" /><testcase classname="tests.api.test_api_300.TestSupabaseREST" name="test_234" time="0.029" /><testcase classname="tests.api.test_api_300.TestSupabaseREST" name="test_235" time="0.029" /><testcase classname="tests.api.test_api_300.TestSupabaseREST" name="test_236" time="0.028" /><testcase classname="tests.api.test_api_300.TestSupabaseREST" name="test_237" time="0.029" /><testcase classname="tests.api.test_api_300.TestSupabaseREST" name="test_238" time="0.029" /><testcase classname="tests.api.test_api_300.TestSupabaseREST" name="test_239" time="0.030" /><testcase classname="tests.api.test_api_300.TestSupabaseREST" name="test_240" time="0.024" /><testcase classname="tests.api.test_api_300.TestSecurityAndAdvanced" name="test_241" time="0.002" /><testcase classname="tests.api.test_api_300.TestSecurityAndAdvanced" name="test_242" time="0.002" /><testcase classname="tests.api.test_api_300.TestSecurityAndAdvanced" name="test_243" time="0.102" /><testcase classname="tests.api.test_api_300.TestSecurityAndAdvanced" name="test_244" time="0.028" /><testcase classname="tests.api.test_api_300.TestSecurityAndAdvanced" name="test_245" time="0.030" /><testcase classname="tests.api.test_api_300.TestSecurityAndAdvanced" name="test_246" time="0.025" /><testcase classname="tests.api.test_api_300.TestSecurityAndAdvanced" name="test_247" time="0.030" /><testcase classname="tests.api.test_api_300.TestSecurityAndAdvanced" name="test_248" time="0.026" /><testcase classname="tests.api.test_api_300.TestSecurityAndAdvanced" name="test_249" time="0.026" /><testcase classname="tests.api.test_api_300.TestSecurityAndAdvanced" name="test_250" time="0.028" /><testcase classname="tests.api.test_api_300.TestSecurityAndAdvanced" name="test_251" time="0.028" /><testcase classname="tests.api.test_api_300.TestSecurityAndAdvanced" name="test_252" time="0.028" /><testcase classname="tests.api.test_api_300.TestSecurityAndAdvanced" name="test_253" time="0.028" /><testcase classname="tests.api.test_api_300.TestSecurityAndAdvanced" name="test_254" time="0.029" /><testcase classname="tests.api.test_api_300.TestSecurityAndAdvanced" name="test_255" time="0.028" /><testcase classname="tests.api.test_api_300.TestSecurityAndAdvanced" name="test_256" time="0.027" /><testcase classname="tests.api.test_api_300.TestSecurityAndAdvanced" name="test_257" time="0.028" /><testcase classname="tests.api.test_api_300.TestSecurityAndAdvanced" name="test_258" time="0.026" /><testcase classname="tests.api.test_api_300.TestSecurityAndAdvanced" name="test_259" time="0.028" /><testcase classname="tests.api.test_api_300.TestSecurityAndAdvanced" name="test_260" time="0.028" /><testcase classname="tests.api.test_api_300.TestSecurityAndAdvanced" name="test_261" time="0.029" /><testcase classname="tests.api.test_api_300.TestSecurityAndAdvanced" name="test_262" time="0.029" /><testcase classname="tests.api.test_api_300.TestSecurityAndAdvanced" name="test_263" time="0.028" /><testcase classname="tests.api.test_api_300.TestSecurityAndAdvanced" name="test_264" time="0.044" /><testcase classname="tests.api.test_api_300.TestSecurityAndAdvanced" name="test_265" time="0.028" /><testcase classname="tests.api.test_api_300.TestSecurityAndAdvanced" name="test_266" time="0.029" /><testcase classname="tests.api.test_api_300.TestSecurityAndAdvanced" name="test_267" time="0.026" /><testcase classname="tests.api.test_api_300.TestSecurityAndAdvanced" name="test_268" time="0.029" /><testcase classname="tests.api.test_api_300.TestSecurityAndAdvanced" name="test_269" time="0.088" /><testcase classname="tests.api.test_api_300.TestSecurityAndAdvanced" name="test_270" time="0.027" /><testcase classname="tests.api.test_api_300.TestSecurityAndAdvanced" name="test_271" time="0.021" /><testcase classname="tests.api.test_api_300.TestSecurityAndAdvanced" name="test_272" time="0.028" /><testcase classname="tests.api.test_api_300.TestSecurityAndAdvanced" name="test_273" time="0.029" /><testcase classname="tests.api.test_api_300.TestSecurityAndAdvanced" name="test_274" time="0.027" /><testcase classname="tests.api.test_api_300.TestSecurityAndAdvanced" name="test_275" time="0.029" /><testcase classname="tests.api.test_api_300.TestSecurityAndAdvanced" name="test_276" time="0.029" /><testcase classname="tests.api.test_api_300.TestSecurityAndAdvanced" name="test_277" time="0.002" /><testcase classname="tests.api.test_api_300.TestSecurityAndAdvanced" name="test_278" time="0.003" /><testcase classname="tests.api.test_api_300.TestSecurityAndAdvanced" name="test_279" time="0.002" /><testcase classname="tests.api.test_api_300.TestSecurityAndAdvanced" name="test_280" time="0.002" /><testcase classname="tests.api.test_api_300.TestSecurityAndAdvanced" name="test_281" time="0.003" /><testcase classname="tests.api.test_api_300.TestSecurityAndAdvanced" name="test_282" time="0.002" /><testcase classname="tests.api.test_api_300.TestSecurityAndAdvanced" name="test_283" time="0.002" /><testcase classname="tests.api.test_api_300.TestSecurityAndAdvanced" name="test_284" time="0.026" /><testcase classname="tests.api.test_api_300.TestSecurityAndAdvanced" name="test_285" time="0.020" /><testcase classname="tests.api.test_api_300.TestSecurityAndAdvanced" name="test_286" time="0.021" /><testcase classname="tests.api.test_api_300.TestSecurityAndAdvanced" name="test_287" time="0.029" /><testcase classname="tests.api.test_api_300.TestSecurityAndAdvanced" name="test_288" time="0.027" /><testcase classname="tests.api.test_api_300.TestSecurityAndAdvanced" name="test_289" time="0.021" /><testcase classname="tests.api.test_api_300.TestSecurityAndAdvanced" name="test_290" time="0.029" /><testcase classname="tests.api.test_api_300.TestSecurityAndAdvanced" name="test_291" time="0.029" /><testcase classname="tests.api.test_api_300.TestSecurityAndAdvanced" name="test_292" time="0.029" /><testcase classname="tests.api.test_api_300.TestSecurityAndAdvanced" name="test_293" time="0.029" /><testcase classname="tests.api.test_api_300.TestSecurityAndAdvanced" name="test_294" time="0.029" /><testcase classname="tests.api.test_api_300.TestSecurityAndAdvanced" name="test_295" time="0.027" /><testcase classname="tests.api.test_api_300.TestSecurityAndAdvanced" name="test_296" time="0.027" /><testcase classname="tests.api.test_api_300.TestSecurityAndAdvanced" name="test_297" time="0.030" /><testcase classname="tests.api.test_api_300.TestSecurityAndAdvanced" name="test_298" time="0.028" /><testcase classname="tests.api.test_api_300.TestSecurityAndAdvanced" name="test_299" time="0.031" /><testcase classname="tests.api.test_api_300.TestSecurityAndAdvanced" name="test_300" time="0.002" /></testsuite></testsuites>