<?xml version="1.0" encoding="utf-8"?><testsuites name="pytest tests"><testsuite name="pytest" errors="0" failures="0" skipped="7" tests="13" time="27.192" timestamp="2026-07-14T10:50:20.674252+05:30" hostname="SHARMILA"><testcase classname="tests.api.test_api" name="test_otp_backend_health" time="4.120"><skipped type="pytest.skip" message="OTP Backend not accessible at http://localhost:5000: HTTPConnectionPool(host='localhost', port=5000): Max retries exceeded with url: / (Caused by NewConnectionError(&quot;HTTPConnection(host='localhost', port=5000): Failed to establish a new connection: [WinError 10061] No connection could be made because the target machine actively refused it&quot;))">C:\Users\Sharmila\DentNova_Android\tests\api\test_api.py:37: OTP Backend not accessible at http://localhost:5000: HTTPConnectionPool(host='localhost', port=5000): Max retries exceeded with url: / (Caused by NewConnectionError("HTTPConnection(host='localhost', port=5000): Failed to establish a new connection: [WinError 10061] No connection could be made because the target machine actively refused it"))</skipped></testcase><testcase classname="tests.api.test_api" name="test_ml_backend_health" time="0.363" /><testcase classname="tests.api.test_api" name="test_request_otp_invalid_body" time="4.098"><skipped type="pytest.skip" message="OTP Server offline">C:\Users\Sharmila\DentNova_Android\tests\api\test_api.py:60: OTP Server offline</skipped></testcase><testcase classname="tests.api.test_api" name="test_request_otp_unregistered_email" time="4.093"><skipped type="pytest.skip" message="OTP Server offline">C:\Users\Sharmila\DentNova_Android\tests\api\test_api.py:76: OTP Server offline</skipped></testcase><testcase classname="tests.api.test_api" name="test_verify_otp_missing_fields" time="4.093"><skipped type="pytest.skip" message="OTP Server offline">C:\Users\Sharmila\DentNova_Android\tests\api\test_api.py:86: OTP Server offline</skipped></testcase><testcase classname="tests.api.test_api" name="test_verify_otp_wrong_code" time="4.068"><skipped type="pytest.skip" message="OTP Server offline">C:\Users\Sharmila\DentNova_Android\tests\api\test_api.py:100: OTP Server offline</skipped></testcase><testcase classname="tests.api.test_api" name="test_reset_password_weak_password" time="4.074"><skipped type="pytest.skip" message="OTP Server offline">C:\Users\Sharmila\DentNova_Android\tests\api\test_api.py:115: OTP Server offline</skipped></testcase><testcase classname="tests.api.test_api" name="test_ml_predict_risk_valid" time="0.215"><skipped type="pytest.skip" message="predict-risk endpoint not found/implemented">C:\Users\Sharmila\DentNova_Android\tests\api\test_api.py:127: predict-risk endpoint not found/implemented</skipped></testcase><testcase classname="tests.api.test_api" name="test_ml_predict_tooth_missing_file" time="0.152" /><testcase classname="tests.api.test_api" name="test_supabase_direct_access_fails_without_key" time="0.205" /><testcase classname="tests.integration.test_sync" name="test_users_table_schema" time="0.242" /><testcase classname="tests.integration.test_sync" name="test_reminders_table_sync" time="0.255" /><testcase classname="tests.integration.test_sync" name="test_visits_table_sync" time="0.236" /></testsuite></testsuites>