<?xml version="1.0" encoding="utf-8"?><testsuites name="pytest tests"><testsuite name="pytest" errors="0" failures="0" skipped="7" tests="13" time="31.116" timestamp="2026-07-14T11:08:23.327322+05:30" hostname="SHARMILA"><testcase classname="tests.api.test_api" name="test_otp_backend_health" time="4.102"><skipped type="pytest.skip" message="OTP Backend not accessible at http://localhost:5000: HTTPConnectionPool(host='localhost', port=5000): Max retries exceeded with url: / (Caused by NewConnectionError(&quot;HTTPConnection(host='localhost', port=5000): Failed to establish a new connection: [WinError 10061] No connection could be made because the target machine actively refused it&quot;))">C:\Users\Sharmila\DentNova_Android\tests\api\test_api.py:37: OTP Backend not accessible at http://localhost:5000: HTTPConnectionPool(host='localhost', port=5000): Max retries exceeded with url: / (Caused by NewConnectionError("HTTPConnection(host='localhost', port=5000): Failed to establish a new connection: [WinError 10061] No connection could be made because the target machine actively refused it"))</skipped></testcase><testcase classname="tests.api.test_api" name="test_ml_backend_health" time="0.476" /><testcase classname="tests.api.test_api" name="test_request_otp_invalid_body" time="4.091"><skipped type="pytest.skip" message="OTP Server offline">C:\Users\Sharmila\DentNova_Android\tests\api\test_api.py:60: OTP Server offline</skipped></testcase><testcase classname="tests.api.test_api" name="test_request_otp_unregistered_email" time="4.056"><skipped type="pytest.skip" message="OTP Server offline">C:\Users\Sharmila\DentNova_Android\tests\api\test_api.py:76: OTP Server offline</skipped></testcase><testcase classname="tests.api.test_api" name="test_verify_otp_missing_fields" time="4.084"><skipped type="pytest.skip" message="OTP Server offline">C:\Users\Sharmila\DentNova_Android\tests\api\test_api.py:86: OTP Server offline</skipped></testcase><testcase classname="tests.api.test_api" name="test_verify_otp_wrong_code" time="4.069"><skipped type="pytest.skip" message="OTP Server offline">C:\Users\Sharmila\DentNova_Android\tests\api\test_api.py:100: OTP Server offline</skipped></testcase><testcase classname="tests.api.test_api" name="test_reset_password_weak_password" time="4.112"><skipped type="pytest.skip" message="OTP Server offline">C:\Users\Sharmila\DentNova_Android\tests\api\test_api.py:115: OTP Server offline</skipped></testcase><testcase classname="tests.api.test_api" name="test_ml_predict_risk_valid" time="0.132"><skipped type="pytest.skip" message="predict-risk endpoint not found/implemented">C:\Users\Sharmila\DentNova_Android\tests\api\test_api.py:127: predict-risk endpoint not found/implemented</skipped></testcase><testcase classname="tests.api.test_api" name="test_ml_predict_tooth_missing_file" time="0.173" /><testcase classname="tests.api.test_api" name="test_supabase_direct_access_fails_without_key" time="2.194" /><testcase classname="tests.integration.test_sync" name="test_users_table_schema" time="1.243" /><testcase classname="tests.integration.test_sync" name="test_reminders_table_sync" time="1.477" /><testcase classname="tests.integration.test_sync" name="test_visits_table_sync" time="0.204" /></testsuite></testsuites>