<?xml version="1.0" encoding="utf-8"?><testsuites name="pytest tests"><testsuite name="pytest" errors="0" failures="0" skipped="48" tests="88" time="416.004" timestamp="2026-07-14T20:31:01.071909+05:30" hostname="SHARMILA"><testcase classname="tests.selenium.test_dentnova_web.TestLandingPage" name="test_landing_page_loads" time="3.519" /><testcase classname="tests.selenium.test_dentnova_web.TestLandingPage" name="test_landing_page_has_dentnova_branding" time="0.362" /><testcase classname="tests.selenium.test_dentnova_web.TestLandingPage" name="test_landing_has_navigation" time="0.294" /><testcase classname="tests.selenium.test_dentnova_web.TestLandingPage" name="test_landing_has_get_started_link" time="0.342" /><testcase classname="tests.selenium.test_dentnova_web.TestLandingPage" name="test_landing_footer_present" time="2.768" /><testcase classname="tests.selenium.test_dentnova_web.TestAuthentication" name="test_auth_page_loads" time="2.788" /><testcase classname="tests.selenium.test_dentnova_web.TestAuthentication" name="test_auth_has_email_field" time="0.277" /><testcase classname="tests.selenium.test_dentnova_web.TestAuthentication" name="test_auth_has_password_field" time="0.194" /><testcase classname="tests.selenium.test_dentnova_web.TestAuthentication" name="test_auth_login_empty_fields_shows_error" time="1.694" /><testcase classname="tests.selenium.test_dentnova_web.TestAuthentication" name="test_auth_invalid_credentials_shows_error" time="5.473" /><testcase classname="tests.selenium.test_dentnova_web.TestAuthentication" name="test_auth_forgot_password_link_visible" time="1.037" /><testcase classname="tests.selenium.test_dentnova_web.TestAuthentication" name="test_auth_register_toggle_exists" time="0.427" /><testcase classname="tests.selenium.test_dentnova_web.TestAuthentication" name="test_forgot_password_page_loads" time="0.338" /><testcase classname="tests.selenium.test_dentnova_web.TestAuthentication" name="test_forgot_password_has_email_field" time="0.232" /><testcase classname="tests.selenium.test_dentnova_web.TestAuthentication" name="test_forgot_password_unregistered_email_error" time="4.718" /><testcase classname="tests.selenium.test_dentnova_web.TestAuthentication" name="test_auth_successful_login" time="21.400"><skipped type="pytest.skip" message="Login test skipped - credentials may not be configured: Message:">C:\Users\Sharmila\DentNova_Android\tests\selenium\test_dentnova_web.py:234: Login test skipped - credentials may not be configured: Message:</skipped></testcase><testcase classname="tests.selenium.test_dentnova_web.TestAuthentication" name="test_protected_route_redirects_when_not_logged_in" time="3.284" /><testcase classname="tests.selenium.test_dentnova_web.TestAuthentication" name="test_auth_page_not_accessible_when_logged_in" time="0.055" /><testcase classname="tests.selenium.test_dentnova_web.TestAuthentication" name="test_logout_clears_session" time="9.159" /><testcase classname="tests.selenium.test_dentnova_web.TestDashboard" name="test_dashboard_loads" time="20.225"><skipped type="pytest.skip" message="Could not log in for dashboard test">C:\Users\Sharmila\DentNova_Android\tests\selenium\test_dentnova_web.py:294: Could not log in for dashboard test</skipped></testcase><testcase classname="tests.selenium.test_dentnova_web.TestDashboard" name="test_dashboard_shows_user_greeting" time="17.967"><skipped type="pytest.skip" message="Could not log in for dashboard test">C:\Users\Sharmila\DentNova_Android\tests\selenium\test_dentnova_web.py:300: Could not log in for dashboard test</skipped></testcase><testcase classname="tests.selenium.test_dentnova_web.TestDashboard" name="test_dashboard_has_habit_section" time="18.124"><skipped type="pytest.skip" message="Could not log in for dashboard test">C:\Users\Sharmila\DentNova_Android\tests\selenium\test_dentnova_web.py:308: Could not log in for dashboard test</skipped></testcase><testcase classname="tests.selenium.test_dentnova_web.TestDashboard" name="test_dashboard_has_assessment_section" time="17.927"><skipped type="pytest.skip" message="Could not log in for dashboard test">C:\Users\Sharmila\DentNova_Android\tests\selenium\test_dentnova_web.py:316: Could not log in for dashboard test</skipped></testcase><testcase classname="tests.selenium.test_dentnova_web.TestDashboard" name="test_dashboard_navigation_links_work" time="17.998"><skipped type="pytest.skip" message="Could not log in for dashboard test">C:\Users\Sharmila\DentNova_Android\tests\selenium\test_dentnova_web.py:323: Could not log in for dashboard test</skipped></testcase><testcase classname="tests.selenium.test_dentnova_web.TestDashboard" name="test_dashboard_reminders_section" time="18.056"><skipped type="pytest.skip" message="Could not log in for dashboard test">C:\Users\Sharmila\DentNova_Android\tests\selenium\test_dentnova_web.py:330: Could not log in for dashboard test</skipped></testcase><testcase classname="tests.selenium.test_dentnova_web.TestDashboard" name="test_dashboard_brushing_timer_link" time="18.260"><skipped type="pytest.skip" message="Could not log in for dashboard test">C:\Users\Sharmila\DentNova_Android\tests\selenium\test_dentnova_web.py:337: Could not log in for dashboard test</skipped></testcase><testcase classname="tests.selenium.test_dentnova_web.TestDashboard" name="test_dashboard_streak_counter_visible" time="18.331"><skipped type="pytest.skip" message="Could not log in for dashboard test">C:\Users\Sharmila\DentNova_Android\tests\selenium\test_dentnova_web.py:345: Could not log in for dashboard test</skipped></testcase><testcase classname="tests.selenium.test_dentnova_web.TestDashboard" name="test_dashboard_scan_section" time="18.108"><skipped type="pytest.skip" message="Could not log in for dashboard test">C:\Users\Sharmila\DentNova_Android\tests\selenium\test_dentnova_web.py:352: Could not log in for dashboard test</skipped></testcase><testcase classname="tests.selenium.test_dentnova_web.TestDashboard" name="test_dashboard_screenshot" time="20.566"><skipped type="pytest.skip" message="Could not log in for dashboard test">C:\Users\Sharmila\DentNova_Android\tests\selenium\test_dentnova_web.py:359: Could not log in for dashboard test</skipped></testcase><testcase classname="tests.selenium.test_dentnova_web.TestReminders" name="test_reminders_page_loads" time="3.179" /><testcase classname="tests.selenium.test_dentnova_web.TestReminders" name="test_reminders_page_has_add_button" time="2.087"><skipped type="pytest.skip" message="Not logged in">C:\Users\Sharmila\DentNova_Android\tests\selenium\test_dentnova_web.py:382: Not logged in</skipped></testcase><testcase classname="tests.selenium.test_dentnova_web.TestReminders" name="test_reminders_add_dialog_opens" time="2.158"><skipped type="pytest.skip" message="Not logged in">C:\Users\Sharmila\DentNova_Android\tests\selenium\test_dentnova_web.py:391: Not logged in</skipped></testcase><testcase classname="tests.selenium.test_dentnova_web.TestReminders" name="test_reminders_type_selector_exists" time="2.350"><skipped type="pytest.skip" message="Not logged in">C:\Users\Sharmila\DentNova_Android\tests\selenium\test_dentnova_web.py:408: Not logged in</skipped></testcase><testcase classname="tests.selenium.test_dentnova_web.TestReminders" name="test_reminders_save_brushing_reminder" time="2.078"><skipped type="pytest.skip" message="Not logged in">C:\Users\Sharmila\DentNova_Android\tests\selenium\test_dentnova_web.py:428: Not logged in</skipped></testcase><testcase classname="tests.selenium.test_dentnova_web.TestReminders" name="test_reminders_list_not_empty_after_add" time="3.261"><skipped type="pytest.skip" message="Not logged in">C:\Users\Sharmila\DentNova_Android\tests\selenium\test_dentnova_web.py:455: Not logged in</skipped></testcase><testcase classname="tests.selenium.test_dentnova_web.TestReminders" name="test_reminders_toothbrush_replacement_type" time="2.170"><skipped type="pytest.skip" message="Not logged in">C:\Users\Sharmila\DentNova_Android\tests\selenium\test_dentnova_web.py:465: Not logged in</skipped></testcase><testcase classname="tests.selenium.test_dentnova_web.TestReminders" name="test_reminders_cancel_button_closes_dialog" time="2.176"><skipped type="pytest.skip" message="Not logged in">C:\Users\Sharmila\DentNova_Android\tests\selenium\test_dentnova_web.py:488: Not logged in</skipped></testcase><testcase classname="tests.selenium.test_dentnova_web.TestReminders" name="test_reminders_toggle_button_exists" time="3.312"><skipped type="pytest.skip" message="Not logged in">C:\Users\Sharmila\DentNova_Android\tests\selenium\test_dentnova_web.py:510: Not logged in</skipped></testcase><testcase classname="tests.selenium.test_dentnova_web.TestReminders" name="test_reminders_delete_button_exists" time="3.194"><skipped type="pytest.skip" message="Not logged in">C:\Users\Sharmila\DentNova_Android\tests\selenium\test_dentnova_web.py:520: Not logged in</skipped></testcase><testcase classname="tests.selenium.test_dentnova_web.TestReminders" name="test_reminders_screenshot" time="5.797" /><testcase classname="tests.selenium.test_dentnova_web.TestVisitReminders" name="test_visit_reminders_page_loads" time="2.799" /><testcase classname="tests.selenium.test_dentnova_web.TestVisitReminders" name="test_visit_reminders_has_upcoming_section" time="3.279"><skipped type="pytest.skip" message="Not logged in">C:\Users\Sharmila\DentNova_Android\tests\selenium\test_dentnova_web.py:547: Not logged in</skipped></testcase><testcase classname="tests.selenium.test_dentnova_web.TestVisitReminders" name="test_visit_reminders_has_past_section" time="3.088"><skipped type="pytest.skip" message="Not logged in">C:\Users\Sharmila\DentNova_Android\tests\selenium\test_dentnova_web.py:556: Not logged in</skipped></testcase><testcase classname="tests.selenium.test_dentnova_web.TestVisitReminders" name="test_visit_reminders_schedule_button" time="2.209"><skipped type="pytest.skip" message="Not logged in">C:\Users\Sharmila\DentNova_Android\tests\selenium\test_dentnova_web.py:565: Not logged in</skipped></testcase><testcase classname="tests.selenium.test_dentnova_web.TestVisitReminders" name="test_visit_reminders_add_dialog_form_fields" time="2.192"><skipped type="pytest.skip" message="Not logged in">C:\Users\Sharmila\DentNova_Android\tests\selenium\test_dentnova_web.py:574: Not logged in</skipped></testcase><testcase classname="tests.selenium.test_dentnova_web.TestVisitReminders" name="test_visit_reminders_past_appointment_not_in_upcoming" time="3.199"><skipped type="pytest.skip" message="Not logged in">C:\Users\Sharmila\DentNova_Android\tests\selenium\test_dentnova_web.py:592: Not logged in</skipped></testcase><testcase classname="tests.selenium.test_dentnova_web.TestVisitReminders" name="test_visit_reminders_screenshot" time="6.467" /><testcase classname="tests.selenium.test_dentnova_web.TestAssessment" name="test_assessment_page_loads" time="4.649" /><testcase classname="tests.selenium.test_dentnova_web.TestAssessment" name="test_assessment_shows_first_question" time="2.309"><skipped type="pytest.skip" message="Not logged in">C:\Users\Sharmila\DentNova_Android\tests\selenium\test_dentnova_web.py:621: Not logged in</skipped></testcase><testcase classname="tests.selenium.test_dentnova_web.TestAssessment" name="test_assessment_has_answer_options" time="2.177"><skipped type="pytest.skip" message="Not logged in">C:\Users\Sharmila\DentNova_Android\tests\selenium\test_dentnova_web.py:630: Not logged in</skipped></testcase><testcase classname="tests.selenium.test_dentnova_web.TestAssessment" name="test_assessment_progress_indicator" time="2.285"><skipped type="pytest.skip" message="Not logged in">C:\Users\Sharmila\DentNova_Android\tests\selenium\test_dentnova_web.py:639: Not logged in</skipped></testcase><testcase classname="tests.selenium.test_dentnova_web.TestAssessment" name="test_assessment_screenshot" time="4.640" /><testcase classname="tests.selenium.test_dentnova_web.TestEducation" name="test_education_page_loads" time="3.346" /><testcase classname="tests.selenium.test_dentnova_web.TestEducation" name="test_education_shows_articles" time="2.335"><skipped type="pytest.skip" message="Not logged in">C:\Users\Sharmila\DentNova_Android\tests\selenium\test_dentnova_web.py:665: Not logged in</skipped></testcase><testcase classname="tests.selenium.test_dentnova_web.TestEducation" name="test_education_has_quiz" time="2.180"><skipped type="pytest.skip" message="Not logged in">C:\Users\Sharmila\DentNova_Android\tests\selenium\test_dentnova_web.py:674: Not logged in</skipped></testcase><testcase classname="tests.selenium.test_dentnova_web.TestEducation" name="test_education_dental_facts_visible" time="2.269"><skipped type="pytest.skip" message="Not logged in">C:\Users\Sharmila\DentNova_Android\tests\selenium\test_dentnova_web.py:683: Not logged in</skipped></testcase><testcase classname="tests.selenium.test_dentnova_web.TestEducation" name="test_education_article_navigation" time="2.196"><skipped type="pytest.skip" message="Not logged in">C:\Users\Sharmila\DentNova_Android\tests\selenium\test_dentnova_web.py:692: Not logged in</skipped></testcase><testcase classname="tests.selenium.test_dentnova_web.TestEducation" name="test_education_screenshot" time="4.693" /><testcase classname="tests.selenium.test_dentnova_web.TestProfile" name="test_profile_page_loads" time="2.722" /><testcase classname="tests.selenium.test_dentnova_web.TestProfile" name="test_profile_has_name_field" time="2.238"><skipped type="pytest.skip" message="Not logged in">C:\Users\Sharmila\DentNova_Android\tests\selenium\test_dentnova_web.py:724: Not logged in</skipped></testcase><testcase classname="tests.selenium.test_dentnova_web.TestProfile" name="test_profile_has_save_button" time="2.182"><skipped type="pytest.skip" message="Not logged in">C:\Users\Sharmila\DentNova_Android\tests\selenium\test_dentnova_web.py:733: Not logged in</skipped></testcase><testcase classname="tests.selenium.test_dentnova_web.TestProfile" name="test_profile_shows_streak_count" time="2.181"><skipped type="pytest.skip" message="Not logged in">C:\Users\Sharmila\DentNova_Android\tests\selenium\test_dentnova_web.py:742: Not logged in</skipped></testcase><testcase classname="tests.selenium.test_dentnova_web.TestProfile" name="test_profile_screenshot" time="4.583" /><testcase classname="tests.selenium.test_dentnova_web.TestSettings" name="test_settings_page_loads" time="2.570" /><testcase classname="tests.selenium.test_dentnova_web.TestSettings" name="test_settings_has_dark_mode_toggle" time="2.298"><skipped type="pytest.skip" message="Not logged in">C:\Users\Sharmila\DentNova_Android\tests\selenium\test_dentnova_web.py:768: Not logged in</skipped></testcase><testcase classname="tests.selenium.test_dentnova_web.TestSettings" name="test_settings_has_change_password" time="2.295"><skipped type="pytest.skip" message="Not logged in">C:\Users\Sharmila\DentNova_Android\tests\selenium\test_dentnova_web.py:777: Not logged in</skipped></testcase><testcase classname="tests.selenium.test_dentnova_web.TestSettings" name="test_settings_has_feedback" time="2.272"><skipped type="pytest.skip" message="Not logged in">C:\Users\Sharmila\DentNova_Android\tests\selenium\test_dentnova_web.py:786: Not logged in</skipped></testcase><testcase classname="tests.selenium.test_dentnova_web.TestSettings" name="test_settings_has_privacy_policy" time="2.135"><skipped type="pytest.skip" message="Not logged in">C:\Users\Sharmila\DentNova_Android\tests\selenium\test_dentnova_web.py:795: Not logged in</skipped></testcase><testcase classname="tests.selenium.test_dentnova_web.TestSettings" name="test_settings_has_logout" time="3.337"><skipped type="pytest.skip" message="Not logged in">C:\Users\Sharmila\DentNova_Android\tests\selenium\test_dentnova_web.py:804: Not logged in</skipped></testcase><testcase classname="tests.selenium.test_dentnova_web.TestSettings" name="test_settings_dark_mode_toggle_works" time="2.205"><skipped type="pytest.skip" message="Not logged in">C:\Users\Sharmila\DentNova_Android\tests\selenium\test_dentnova_web.py:813: Not logged in</skipped></testcase><testcase classname="tests.selenium.test_dentnova_web.TestSettings" name="test_settings_password_form_appears" time="2.212"><skipped type="pytest.skip" message="Not logged in">C:\Users\Sharmila\DentNova_Android\tests\selenium\test_dentnova_web.py:831: Not logged in</skipped></testcase><testcase classname="tests.selenium.test_dentnova_web.TestSettings" name="test_settings_privacy_modal_opens" time="2.186"><skipped type="pytest.skip" message="Not logged in">C:\Users\Sharmila\DentNova_Android\tests\selenium\test_dentnova_web.py:848: Not logged in</skipped></testcase><testcase classname="tests.selenium.test_dentnova_web.TestSettings" name="test_settings_screenshot" time="5.020" /><testcase classname="tests.selenium.test_dentnova_web.TestBrushingTimer" name="test_brushing_timer_page_loads" time="2.732" /><testcase classname="tests.selenium.test_dentnova_web.TestBrushingTimer" name="test_brushing_timer_shows_2_minutes" time="2.315"><skipped type="pytest.skip" message="Not logged in">C:\Users\Sharmila\DentNova_Android\tests\selenium\test_dentnova_web.py:882: Not logged in</skipped></testcase><testcase classname="tests.selenium.test_dentnova_web.TestBrushingTimer" name="test_brushing_timer_has_start_button" time="2.096"><skipped type="pytest.skip" message="Not logged in">C:\Users\Sharmila\DentNova_Android\tests\selenium\test_dentnova_web.py:891: Not logged in</skipped></testcase><testcase classname="tests.selenium.test_dentnova_web.TestBrushingTimer" name="test_brushing_timer_start_pause" time="2.194"><skipped type="pytest.skip" message="Not logged in">C:\Users\Sharmila\DentNova_Android\tests\selenium\test_dentnova_web.py:900: Not logged in</skipped></testcase><testcase classname="tests.selenium.test_dentnova_web.TestBrushingTimer" name="test_brushing_timer_reset_button" time="2.197"><skipped type="pytest.skip" message="Not logged in">C:\Users\Sharmila\DentNova_Android\tests\selenium\test_dentnova_web.py:917: Not logged in</skipped></testcase><testcase classname="tests.selenium.test_dentnova_web.TestBrushingTimer" name="test_brushing_timer_screenshot" time="4.724" /><testcase classname="tests.selenium.test_dentnova_web.TestResponsiveLayout" name="test_mobile_viewport_landing" time="3.854" /><testcase classname="tests.selenium.test_dentnova_web.TestResponsiveLayout" name="test_tablet_viewport_landing" time="1.060" /><testcase classname="tests.selenium.test_dentnova_web.TestResponsiveLayout" name="test_desktop_viewport_landing" time="0.951" /><testcase classname="tests.selenium.test_dentnova_web.TestResponsiveLayout" name="test_mobile_viewport_dashboard" time="1.821" /><testcase classname="tests.selenium.test_dentnova_web.TestResponsiveLayout" name="test_no_horizontal_overflow_mobile" time="2.639" /><testcase classname="tests.selenium.test_dentnova_web.TestResponsiveLayout" name="test_404_redirect_to_home" time="5.058" /><testcase classname="tests.selenium.test_dentnova_web.TestToothScan" name="test_tooth_scan_page_loads" time="2.696" /><testcase classname="tests.selenium.test_dentnova_web.TestToothScan" name="test_tooth_scan_requires_assessment" time="3.254"><skipped type="pytest.skip" message="Not logged in">C:\Users\Sharmila\DentNova_Android\tests\selenium\test_dentnova_web.py:1002: Not logged in</skipped></testcase><testcase classname="tests.selenium.test_dentnova_web.TestToothScan" name="test_tooth_scan_screenshot" time="4.600" /></testsuite></testsuites>